<?xml version="1.0" encoding="UTF-8"?>
<!-- Generated by org.testng.reporters.JUnitXMLReporter -->
<testsuite ignored="0" hostname="DESKTOP-CKBL5PE" failures="1" tests="3" name="Test" time="9.444" errors="0" timestamp="11 Sep 2023 06:52:22 GMT">
  <testcase classname="org.testing.testscripts.post_tc1" name="tc1" time="7.7"/>
  <testcase classname="org.testing.testscripts.getparticular_tc3" name="tc3" time="1.467">
    <failure type="java.lang.AssertionError" message="expected [true] but found [false]">
      <![CDATA[java.lang.AssertionError: expected [true] but found [false]
	at org.testing.responsevalidation.datasoft.validate(datasoft.java:15)
	at org.testing.testscripts.getparticular_tc3.tc3(getparticular_tc3.java:22)
... Removed 29 stack frames]]>
    </failure>
  </testcase> <!-- tc3 -->
  <testcase classname="org.testing.testscripts.get_tc2" name="tc2" time="0.207"/>
</testsuite> <!-- Test -->
